DEB [20160527-13:11:01.786] thr=1   paramiko.transport: starting thread (client mode): 0x2a1ba510L
DEB [20160527-13:11:01.787] thr=1   paramiko.transport: Local version/idstring: SSH-2.0-paramiko_1.16.0
DEB [20160527-13:11:01.811] thr=1   paramiko.transport: Remote version/idstring: SSH-2.0-OpenSSH_5.3
INF [20160527-13:11:01.812] thr=1   paramiko.transport: Connected (version 2.0, client OpenSSH_5.3)
DEB [20160527-13:11:01.820] thr=1   paramiko.transport: kex algos:[u'diffie-hellman-group-exchange-sha256', u'diffie-hellman-group-exchange-sha1', u'diffie-hellman-group14-sha1', u'diffie-hellman-group1-sha1'] server key:[u'ssh-rsa', u'ssh-dss'] client encrypt:[u'aes128-ctr', u'aes192-ctr', u'aes256-ctr', u'arcfour256', u'arcfour128', u'aes128-cbc', u'3des-cbc', u'blowfish-cbc', u'cast128-cbc', u'aes192-cbc', u'aes256-cbc', u'arcfour', u'rijndael-cbc@lysator.liu.se'] server encrypt:[u'aes128-ctr', u'aes192-ctr', u'aes256-ctr', u'arcfour256', u'arcfour128', u'aes128-cbc', u'3des-cbc', u'blowfish-cbc', u'cast128-cbc', u'aes192-cbc', u'aes256-cbc', u'arcfour', u'rijndael-cbc@lysator.liu.se'] client mac:[u'hmac-md5', u'hmac-sha1', u'umac-64@openssh.com', u'hmac-sha2-256', u'hmac-sha2-512', u'hmac-ripemd160', u'hmac-ripemd160@openssh.com', u'hmac-sha1-96', u'hmac-md5-96'] server mac:[u'hmac-md5', u'hmac-sha1', u'umac-64@openssh.com', u'hmac-sha2-256', u'hmac-sha2-512', u'hmac-ripemd160', u'hmac-ripemd160@openssh.com', u'hmac-sha1-96', u'hmac-md5-96'] client compress:[u'none', u'zlib@openssh.com'] server compress:[u'none', u'zlib@openssh.com'] client lang:[u''] server lang:[u''] kex follows?False
DEB [20160527-13:11:01.821] thr=1   paramiko.transport: Kex agreed: diffie-hellman-group1-sha1
DEB [20160527-13:11:01.822] thr=1   paramiko.transport: Cipher agreed: aes128-ctr
DEB [20160527-13:11:01.822] thr=1   paramiko.transport: MAC agreed: hmac-sha2-256
DEB [20160527-13:11:01.823] thr=1   paramiko.transport: Compression agreed: none
DEB [20160527-13:11:01.909] thr=1   paramiko.transport: kex engine KexGroup1 specified hash_algo <built-in function openssl_sha1>
DEB [20160527-13:11:01.911] thr=1   paramiko.transport: Switch to new keys ...
DEB [20160527-13:11:01.922] thr=2   paramiko.transport: Trying discovered key 749f4a718fe4c7110798939d4ec1b429 in /root/.ssh/id_rsa
DEB [20160527-13:11:01.950] thr=1   paramiko.transport: userauth is OK
INF [20160527-13:11:02.083] thr=1   paramiko.transport: Authentication (publickey) successful!
DEB [20160527-13:11:02.101] thr=2   paramiko.transport: [chan 0] Max packet in: 32768 bytes
DEB [20160527-13:11:02.103] thr=1   paramiko.transport: [chan 0] Max packet out: 32768 bytes
DEB [20160527-13:11:02.104] thr=1   paramiko.transport: Secsh channel 0 opened.
DEB [20160527-13:11:02.111] thr=1   paramiko.transport: [chan 0] Sesch channel 0 request ok
DEB [20160527-13:11:02.144] thr=1   paramiko.transport: [chan 0] EOF received (0)
DEB [20160527-13:11:02.147] thr=1   paramiko.transport: [chan 0] EOF sent (0)
DEB [20160527-13:11:02.147] thr=1   paramiko.transport: Dropping user packet because connection is dead.
DEB [20160527-13:11:02.148] thr=1   paramiko.transport: Dropping user packet because connection is dead.
